<?xml version="1.0" encoding="UTF-8"?>
  <testsuite name="complete e2e Suite" tests="10" failures="0" errors="0" time="0.093">
      <testcase name="Path using alias and Json content with URL prototype As a normal user who wants to create a root resource named org when I make a valid create request should create the org and return the link" classname="complete e2e Suite" time="0.020137755"></testcase>
      <testcase name="Path using alias and Json content with URL prototype As a normal user using this org who wants to create repositories when I make a valid create request should return the url of the resource" classname="complete e2e Suite" time="0.014288839"></testcase>
      <testcase name="Path using alias and Json content with URL prototype As a normal user using this org who wants to create repositories when I make a second create request for repo should return the url of the resource" classname="complete e2e Suite" time="0.008092965"></testcase>
      <testcase name="Path using alias and Json content with URL prototype As a normal user using this org who wants to create projects when I make a valid create request should return the url of the resource" classname="complete e2e Suite" time="0.010629581"></testcase>
      <testcase name="Path using alias and Json content with URL prototype As a normal user using this org who wants to create projects when I make a valid create request should be able to create a folder under the project" classname="complete e2e Suite" time="0.011661652"></testcase>
      <testcase name="Path using alias and Json content with URL prototype As a normal user using this org who wants to create projects when I make a second create request should return the url of the resource" classname="complete e2e Suite" time="0.007010686"></testcase>
      <testcase name="Path using alias and Json content with URL prototype As a normal user using this org who wants to create folders when I make a valid create request should return the url of the resource" classname="complete e2e Suite" time="0.006683196"></testcase>
      <testcase name="Path using alias and Json content with URL prototype As a normal user using this org who wants to create folders when I make a valid create request should create a project inside the folder" classname="complete e2e Suite" time="0.006352466"></testcase>
      <testcase name="Path using alias and Json content with URL prototype As a normal user using this org who wants to create folders when I make a second create request for folder should return the url of the resource" classname="complete e2e Suite" time="0.00558668"></testcase>
      <testcase name="Path using alias and Json content with URL prototype As a normal user using this org who wants to create folders when I make a second create request for folder should be able to go back using the previous link" classname="complete e2e Suite" time="0.002575439"></testcase>
  </testsuite>