<?xml version="1.0" encoding="UTF-8"?>
  <testsuite name="complete e2e Suite" tests="10" failures="0" errors="0" time="0.073">
      <testcase name="Path using alias and Json content with URL prototype As a normal user who wants to create a root resource named org when I make a valid create request should create the org and return the link" classname="complete e2e Suite" time="0.016418426"></testcase>
      <testcase name="Path using alias and Json content with URL prototype As a normal user using this org who wants to create repositories when I make a valid create request should return the url of the resource" classname="complete e2e Suite" time="0.008552502"></testcase>
      <testcase name="Path using alias and Json content with URL prototype As a normal user using this org who wants to create repositories when I make a second create request for repo should return the url of the resource" classname="complete e2e Suite" time="0.006816986"></testcase>
      <testcase name="Path using alias and Json content with URL prototype As a normal user using this org who wants to create projects when I make a valid create request should return the url of the resource" classname="complete e2e Suite" time="0.007400646"></testcase>
      <testcase name="Path using alias and Json content with URL prototype As a normal user using this org who wants to create projects when I make a valid create request should be able to create a folder under the project" classname="complete e2e Suite" time="0.007662145"></testcase>
      <testcase name="Path using alias and Json content with URL prototype As a normal user using this org who wants to create projects when I make a second create request should return the url of the resource" classname="complete e2e Suite" time="0.006030969"></testcase>
      <testcase name="Path using alias and Json content with URL prototype As a normal user using this org who wants to create folders when I make a valid create request should return the url of the resource" classname="complete e2e Suite" time="0.005813261"></testcase>
      <testcase name="Path using alias and Json content with URL prototype As a normal user using this org who wants to create folders when I make a valid create request should create a project inside the folder" classname="complete e2e Suite" time="0.005707047"></testcase>
      <testcase name="Path using alias and Json content with URL prototype As a normal user using this org who wants to create folders when I make a second create request for folder should return the url of the resource" classname="complete e2e Suite" time="0.006011241"></testcase>
      <testcase name="Path using alias and Json content with URL prototype As a normal user using this org who wants to create folders when I make a second create request for folder should be able to go back using the previous link" classname="complete e2e Suite" time="0.002726845"></testcase>
  </testsuite>